<?xml version="1.0" encoding="UTF-8"?>
<!-- Generated by org.testng.reporters.JUnitXMLReporter -->
<testsuite ignored="0" hostname="DESKTOP-MB87MAP" failures="1" tests="2" name="Test" time="54.324" errors="0" timestamp="2024-11-21T20:26:34 IST">
  <testcase classname="testcases.TC001_AccountRegistrationTest" name="verify_account_registration" time="2.97">
    <failure type="java.lang.AssertionError" message="null">
      <![CDATA[java.lang.AssertionError: null
at testcases.TC001_AccountRegistrationTest.verify_account_registration(TC001_AccountRegistrationTest.java:51)
at java.base/java.util.ArrayList.forEach(ArrayList.java:1596)
... Removed 27 stack frames]]>
    </failure>
  </testcase> <!-- verify_account_registration -->
  <testcase classname="testcases.TC002_LoginTest" name="verify_login" time="12.135"/>
</testsuite> <!-- Test -->
